<?xml version="1.0" encoding="UTF-8"?>
<testsuite name="models.NewsTest" tests="4" skipped="0" failures="0" errors="0" timestamp="2020-12-06T19:58:31" hostname="wecode-VivoBook-15-ASUS-Laptop-X540UAR" time="0.003">
  <properties/>
  <testcase name="NewsInstantiatesCorrectly" classname="models.NewsTest" time="0.002"/>
  <testcase name="getNewsName" classname="models.NewsTest" time="0.0"/>
  <testcase name="setNewsId" classname="models.NewsTest" time="0.0"/>
  <testcase name="NewsInstantiatesCorrectlyTrue" classname="models.NewsTest" time="0.0"/>
  <system-out><![CDATA[]]></system-out>
  <system-err><![CDATA[]]></system-err>
</testsuite>
